C:\Users\Jorge\Source\Repos\WSVentaApi\front\app\dist\out-tsc\app\home\home.component.js
C:\Users\Jorge\Source\Repos\WSVentaApi\front\app\dist\out-tsc\app\home\home.component.js.map
C:\Users\Jorge\Source\Repos\WSVentaApi\front\app\dist\out-tsc\app\models\response.js
C:\Users\Jorge\Source\Repos\WSVentaApi\front\app\dist\out-tsc\app\models\response.js.map
C:\Users\Jorge\Source\Repos\WSVentaApi\front\app\dist\out-tsc\app\models\cliente.js
C:\Users\Jorge\Source\Repos\WSVentaApi\front\app\dist\out-tsc\app\models\cliente.js.map
C:\Users\Jorge\Source\Repos\WSVentaApi\front\app\dist\out-tsc\app\services\apicliente.service.js
C:\Users\Jorge\Source\Repos\WSVentaApi\front\app\dist\out-tsc\app\services\apicliente.service.js.map
C:\Users\Jorge\Source\Repos\WSVentaApi\front\app\dist\out-tsc\app\cliente\dialog\dialogcliente.component.js
C:\Users\Jorge\Source\Repos\WSVentaApi\front\app\dist\out-tsc\app\cliente\dialog\dialogcliente.component.js.map
C:\Users\Jorge\Source\Repos\WSVentaApi\front\app\dist\out-tsc\app\common\delete\dialogdelete.component.js
C:\Users\Jorge\Source\Repos\WSVentaApi\front\app\dist\out-tsc\app\common\delete\dialogdelete.component.js.map
C:\Users\Jorge\Source\Repos\WSVentaApi\front\app\dist\out-tsc\app\cliente\cliente.component.js
C:\Users\Jorge\Source\Repos\WSVentaApi\front\app\dist\out-tsc\app\cliente\cliente.component.js.map
C:\Users\Jorge\Source\Repos\WSVentaApi\front\app\dist\out-tsc\app\models\usuario.js
C:\Users\Jorge\Source\Repos\WSVentaApi\front\app\dist\out-tsc\app\models\usuario.js.map
C:\Users\Jorge\Source\Repos\WSVentaApi\front\app\dist\out-tsc\app\models\login.js
C:\Users\Jorge\Source\Repos\WSVentaApi\front\app\dist\out-tsc\app\models\login.js.map
C:\Users\Jorge\Source\Repos\WSVentaApi\front\app\dist\out-tsc\app\services\apiauth.service.js
C:\Users\Jorge\Source\Repos\WSVentaApi\front\app\dist\out-tsc\app\services\apiauth.service.js.map
C:\Users\Jorge\Source\Repos\WSVentaApi\front\app\dist\out-tsc\app\security\auth.guard.js
C:\Users\Jorge\Source\Repos\WSVentaApi\front\app\dist\out-tsc\app\security\auth.guard.js.map
C:\Users\Jorge\Source\Repos\WSVentaApi\front\app\dist\out-tsc\app\login\login.component.js
C:\Users\Jorge\Source\Repos\WSVentaApi\front\app\dist\out-tsc\app\login\login.component.js.map
C:\Users\Jorge\Source\Repos\WSVentaApi\front\app\dist\out-tsc\app\models\concepto.js
C:\Users\Jorge\Source\Repos\WSVentaApi\front\app\dist\out-tsc\app\models\concepto.js.map
C:\Users\Jorge\Source\Repos\WSVentaApi\front\app\dist\out-tsc\app\models\venta.js
C:\Users\Jorge\Source\Repos\WSVentaApi\front\app\dist\out-tsc\app\models\venta.js.map
C:\Users\Jorge\Source\Repos\WSVentaApi\front\app\dist\out-tsc\app\services\apiventa.service.js
C:\Users\Jorge\Source\Repos\WSVentaApi\front\app\dist\out-tsc\app\services\apiventa.service.js.map
C:\Users\Jorge\Source\Repos\WSVentaApi\front\app\dist\out-tsc\app\venta\dialog\dialogventa.component.js
C:\Users\Jorge\Source\Repos\WSVentaApi\front\app\dist\out-tsc\app\venta\dialog\dialogventa.component.js.map
C:\Users\Jorge\Source\Repos\WSVentaApi\front\app\dist\out-tsc\app\venta\venta.component.js
C:\Users\Jorge\Source\Repos\WSVentaApi\front\app\dist\out-tsc\app\venta\venta.component.js.map
C:\Users\Jorge\Source\Repos\WSVentaApi\front\app\dist\out-tsc\app\app-routing.module.js
C:\Users\Jorge\Source\Repos\WSVentaApi\front\app\dist\out-tsc\app\app-routing.module.js.map
C:\Users\Jorge\Source\Repos\WSVentaApi\front\app\dist\out-tsc\app\app.component.js
C:\Users\Jorge\Source\Repos\WSVentaApi\front\app\dist\out-tsc\app\app.component.js.map
C:\Users\Jorge\Source\Repos\WSVentaApi\front\app\dist\out-tsc\app\security\jwt.interceptor.js
C:\Users\Jorge\Source\Repos\WSVentaApi\front\app\dist\out-tsc\app\security\jwt.interceptor.js.map
C:\Users\Jorge\Source\Repos\WSVentaApi\front\app\dist\out-tsc\app\app.module.js
C:\Users\Jorge\Source\Repos\WSVentaApi\front\app\dist\out-tsc\app\app.module.js.map
C:\Users\Jorge\Source\Repos\WSVentaApi\front\app\dist\out-tsc\environments\environment.js
C:\Users\Jorge\Source\Repos\WSVentaApi\front\app\dist\out-tsc\environments\environment.js.map
C:\Users\Jorge\Source\Repos\WSVentaApi\front\app\dist\out-tsc\main.js
C:\Users\Jorge\Source\Repos\WSVentaApi\front\app\dist\out-tsc\main.js.map
C:\Users\Jorge\Source\Repos\WSVentaApi\front\app\dist\out-tsc\polyfills.js
C:\Users\Jorge\Source\Repos\WSVentaApi\front\app\dist\out-tsc\polyfills.js.map
C:\Users\Jorge\Source\Repos\WSVentaApi\front\app\dist\out-tsc\test.js
C:\Users\Jorge\Source\Repos\WSVentaApi\front\app\dist\out-tsc\test.js.map
C:\Users\Jorge\Source\Repos\WSVentaApi\front\app\dist\out-tsc\app\app.component.spec.js
C:\Users\Jorge\Source\Repos\WSVentaApi\front\app\dist\out-tsc\app\app.component.spec.js.map
C:\Users\Jorge\Source\Repos\WSVentaApi\front\app\dist\out-tsc\app\cliente\cliente.component.spec.js
C:\Users\Jorge\Source\Repos\WSVentaApi\front\app\dist\out-tsc\app\cliente\cliente.component.spec.js.map
C:\Users\Jorge\Source\Repos\WSVentaApi\front\app\dist\out-tsc\app\home\home.component.spec.js
C:\Users\Jorge\Source\Repos\WSVentaApi\front\app\dist\out-tsc\app\home\home.component.spec.js.map
C:\Users\Jorge\Source\Repos\WSVentaApi\front\app\dist\out-tsc\app\venta\venta.component.spec.js
C:\Users\Jorge\Source\Repos\WSVentaApi\front\app\dist\out-tsc\app\venta\venta.component.spec.js.map
C:\Users\Jorge\Source\Repos\WSVentaApi\front\app\dist\out-tsc\environments\environment.prod.js
C:\Users\Jorge\Source\Repos\WSVentaApi\front\app\dist\out-tsc\environments\environment.prod.js.map
